no change     /opt/software/python/anaconda/2019_10/condabin/conda
no change     /opt/software/python/anaconda/2019_10/bin/conda
no change     /opt/software/python/anaconda/2019_10/bin/conda-env
no change     /opt/software/python/anaconda/2019_10/bin/activate
no change     /opt/software/python/anaconda/2019_10/bin/deactivate
no change     /opt/software/python/anaconda/2019_10/etc/profile.d/conda.sh
no change     /opt/software/python/anaconda/2019_10/etc/fish/conf.d/conda.fish
no change     /opt/software/python/anaconda/2019_10/shell/condabin/Conda.psm1
no change     /opt/software/python/anaconda/2019_10/shell/condabin/conda-hook.ps1
no change     /opt/software/python/anaconda/2019_10/lib/python3.7/site-packages/xontrib/conda.xsh
no change     /opt/software/python/anaconda/2019_10/etc/profile.d/conda.csh
modified      /home/avvoronova/.bashrc

==> For changes to take effect, close and re-open your current shell. <==


CommandNotFoundError: Your shell has not been properly configured to use 'conda deactivate'.
To initialize your shell, run

    $ conda init <SHELL_NAME>

Currently supported shells are:
  - bash
  - fish
  - tcsh
  - xonsh
  - zsh
  - powershell

See 'conda init --help' for more information and options.

IMPORTANT: You may need to close and restart your shell after running 'conda init'.



CommandNotFoundError: Your shell has not been properly configured to use 'conda activate'.
To initialize your shell, run

    $ conda init <SHELL_NAME>

Currently supported shells are:
  - bash
  - fish
  - tcsh
  - xonsh
  - zsh
  - powershell

See 'conda init --help' for more information and options.

IMPORTANT: You may need to close and restart your shell after running 'conda init'.


/opt/software/python/anaconda/2019_10/bin/python
